<?xml version="1.0" encoding="UTF-8"?>
<testsuite xmlns:xsi="http://www.w3.org/2001/XMLSchema-instance" xsi:noNamespaceSchemaLocation="https://maven.apache.org/surefire/maven-surefire-plugin/xsd/surefire-test-report.xsd" name="com.CalculatorTest" time="0.045" tests="5" errors="0" skipped="0" failures="0">
  <properties>
[...]
</properties>
  <testcase name="expectIllegalArgumentException" classname="com.CalculatorTest" time="0.028"/>
  <testcase name="testAdd" classname="com.CalculatorTest" time="0.004"/>
  <testcase name="testSqrt" classname="com.CalculatorTest" time="0.001"/>
  <testcase name="testDivide" classname="com.CalculatorTest" time="0.001"/>
  <testcase name="expectArithmeticException" classname="com.CalculatorTest" time="0.001"/>
</testsuite>